Flow report for CPU-Pipelined
Mon Sep 16 16:38:32 2024
Quartus Prime Version 20.1.0 Build 711 06/05/2020 SJ Lite Edition


---------------------
; Table of Contents ;
---------------------
  1. Legal Notice
  2. Flow Summary
  3. Flow Settings
  4. Flow Non-Default Global Settings
  5. Flow Elapsed Time
  6. Flow OS Summary
  7. Flow Log
  8. Flow Messages
  9. Flow Suppressed Messages



----------------
; Legal Notice ;
----------------
Copyright (C) 2020  Intel Corporation. All rights reserved.
Your use of Intel Corporation's design tools, logic functions 
and other software and tools, and any partner logic 
functions, and any output files from any of the foregoing 
(including device programming or simulation files), and any 
associated documentation or information are expressly subject 
to the terms and conditions of the Intel Program License 
Subscription Agreement, the Intel Quartus Prime License Agreement,
the Intel FPGA IP License Agreement, or other applicable license
agreement, including, without limitation, that your use is for
the sole purpose of programming logic devices manufactured by
Intel and sold by Intel or its authorized distributors.  Please
refer to the applicable agreement for further details, at
https://fpgasoftware.intel.com/eula.



+-------------------------------------------------------------------------------+
; Flow Summary                                                                  ;
+---------------------------------+---------------------------------------------+
; Flow Status                     ; Successful - Mon Sep 16 16:38:32 2024       ;
; Quartus Prime Version           ; 20.1.0 Build 711 06/05/2020 SJ Lite Edition ;
; Revision Name                   ; CPU-Pipelined                               ;
; Top-level Entity Name           ; top                                         ;
; Family                          ; Cyclone V                                   ;
; Device                          ; 5CSEMA5F31C6                                ;
; Timing Models                   ; Final                                       ;
; Logic utilization (in ALMs)     ; 1 / 32,070 ( < 1 % )                        ;
; Total registers                 ; 0                                           ;
; Total pins                      ; 2 / 457 ( < 1 % )                           ;
; Total virtual pins              ; 0                                           ;
; Total block memory bits         ; 0 / 4,065,280 ( 0 % )                       ;
; Total DSP Blocks                ; 0 / 87 ( 0 % )                              ;
; Total HSSI RX PCSs              ; 0                                           ;
; Total HSSI PMA RX Deserializers ; 0                                           ;
; Total HSSI TX PCSs              ; 0                                           ;
; Total HSSI PMA TX Serializers   ; 0                                           ;
; Total PLLs                      ; 0 / 6 ( 0 % )                               ;
; Total DLLs                      ; 0 / 4 ( 0 % )                               ;
+---------------------------------+---------------------------------------------+


+-----------------------------------------+
; Flow Settings                           ;
+-------------------+---------------------+
; Option            ; Setting             ;
+-------------------+---------------------+
; Start date & time ; 09/16/2024 16:37:47 ;
; Main task         ; Compilation         ;
; Revision Name     ; CPU-Pipelined       ;
+-------------------+---------------------+


+-------------------------------------------------------------------------------------------------------------------------------------------------+
; Flow Non-Default Global Settings                                                                                                                ;
+--------------------------------------+----------------------------------------+---------------+-------------+-----------------------------------+
; Assignment Name                      ; Value                                  ; Default Value ; Entity Name ; Section Id                        ;
+--------------------------------------+----------------------------------------+---------------+-------------+-----------------------------------+
; COMPILER_SIGNATURE_ID                ; 200715048319395.172652626710036        ; --            ; --          ; --                                ;
; EDA_DESIGN_INSTANCE_NAME             ; NA                                     ; --            ; --          ; ROM_tb                            ;
; EDA_DESIGN_INSTANCE_NAME             ; NA                                     ; --            ; --          ; Fetch_Stage_tb                    ;
; EDA_DESIGN_INSTANCE_NAME             ; NA                                     ; --            ; --          ; shiftRows_tb                      ;
; EDA_DESIGN_INSTANCE_NAME             ; NA                                     ; --            ; --          ; cpu_top_tb                        ;
; EDA_DESIGN_INSTANCE_NAME             ; NA                                     ; --            ; --          ; Add_tb                            ;
; EDA_GENERATE_FUNCTIONAL_NETLIST      ; Off                                    ; --            ; --          ; eda_board_design_timing           ;
; EDA_GENERATE_FUNCTIONAL_NETLIST      ; Off                                    ; --            ; --          ; eda_board_design_boundary_scan    ;
; EDA_GENERATE_FUNCTIONAL_NETLIST      ; Off                                    ; --            ; --          ; eda_board_design_signal_integrity ;
; EDA_GENERATE_FUNCTIONAL_NETLIST      ; Off                                    ; --            ; --          ; eda_board_design_symbol           ;
; EDA_NATIVELINK_SIMULATION_TEST_BENCH ; cpu_top_tb                             ; --            ; --          ; eda_simulation                    ;
; EDA_OUTPUT_DATA_FORMAT               ; Systemverilog Hdl                      ; --            ; --          ; eda_simulation                    ;
; EDA_RUN_TOOL_AUTOMATICALLY           ; Off                                    ; --            ; --          ; eda_simulation                    ;
; EDA_SIMULATION_TOOL                  ; ModelSim-Altera (SystemVerilog)        ; <None>        ; --          ; --                                ;
; EDA_TEST_BENCH_ENABLE_STATUS         ; TEST_BENCH_MODE                        ; --            ; --          ; eda_simulation                    ;
; EDA_TEST_BENCH_FILE                  ; testbenches/ROM_tb.sv                  ; --            ; --          ; ROM_tb                            ;
; EDA_TEST_BENCH_FILE                  ; testbenches/Fetch_Stage_tb.sv          ; --            ; --          ; Fetch_Stage_tb                    ;
; EDA_TEST_BENCH_FILE                  ; testbenches/shiftRows_tb.sv            ; --            ; --          ; shiftRows_tb                      ;
; EDA_TEST_BENCH_FILE                  ; testbenches/cpu_top_tb.sv              ; --            ; --          ; cpu_top_tb                        ;
; EDA_TEST_BENCH_FILE                  ; testbenches/Add_tb.sv                  ; --            ; --          ; Add_tb                            ;
; EDA_TEST_BENCH_MODULE_NAME           ; ROM_tb                                 ; --            ; --          ; ROM_tb                            ;
; EDA_TEST_BENCH_MODULE_NAME           ; Fetch_Stage_tb                         ; --            ; --          ; Fetch_Stage_tb                    ;
; EDA_TEST_BENCH_MODULE_NAME           ; shiftRows_tb                           ; --            ; --          ; shiftRows_tb                      ;
; EDA_TEST_BENCH_MODULE_NAME           ; cpu_top_tb                             ; --            ; --          ; cpu_top_tb                        ;
; EDA_TEST_BENCH_MODULE_NAME           ; Add_tb                                 ; --            ; --          ; Add_tb                            ;
; EDA_TEST_BENCH_NAME                  ; Fetch_Stage_tb                         ; --            ; --          ; eda_simulation                    ;
; EDA_TEST_BENCH_NAME                  ; ROM_tb                                 ; --            ; --          ; eda_simulation                    ;
; EDA_TEST_BENCH_NAME                  ; Add_tb                                 ; --            ; --          ; eda_simulation                    ;
; EDA_TEST_BENCH_NAME                  ; cpu_top_tb                             ; --            ; --          ; eda_simulation                    ;
; EDA_TEST_BENCH_NAME                  ; shiftRows_tb                           ; --            ; --          ; eda_simulation                    ;
; EDA_TIME_SCALE                       ; 1 ps                                   ; --            ; --          ; eda_simulation                    ;
; MAX_CORE_JUNCTION_TEMP               ; 85                                     ; --            ; --          ; --                                ;
; MIN_CORE_JUNCTION_TEMP               ; 0                                      ; --            ; --          ; --                                ;
; MISC_FILE                            ; memory/ROM.bsf                         ; --            ; --          ; --                                ;
; MISC_FILE                            ; memory/ROM_inst.v                      ; --            ; --          ; --                                ;
; MISC_FILE                            ; memory/ROM_bb.v                        ; --            ; --          ; --                                ;
; MISC_FILE                            ; memory/ROM.inc                         ; --            ; --          ; --                                ;
; MISC_FILE                            ; memory/ROM.cmp                         ; --            ; --          ; --                                ;
; MISC_FILE                            ; memory/RAM.bsf                         ; --            ; --          ; --                                ;
; MISC_FILE                            ; memory/RAM_inst.v                      ; --            ; --          ; --                                ;
; MISC_FILE                            ; memory/RAM_bb.v                        ; --            ; --          ; --                                ;
; MISC_FILE                            ; memory/RAM.inc                         ; --            ; --          ; --                                ;
; MISC_FILE                            ; memory/RAM.cmp                         ; --            ; --          ; --                                ;
; PARTITION_COLOR                      ; -- (Not supported for targeted family) ; --            ; top         ; Top                               ;
; PARTITION_FITTER_PRESERVATION_LEVEL  ; -- (Not supported for targeted family) ; --            ; top         ; Top                               ;
; PARTITION_NETLIST_TYPE               ; -- (Not supported for targeted family) ; --            ; top         ; Top                               ;
; POWER_BOARD_THERMAL_MODEL            ; None (CONSERVATIVE)                    ; --            ; --          ; --                                ;
; POWER_PRESET_COOLING_SOLUTION        ; 23 MM HEAT SINK WITH 200 LFPM AIRFLOW  ; --            ; --          ; --                                ;
; PROJECT_OUTPUT_DIRECTORY             ; output_files                           ; --            ; --          ; --                                ;
; TOP_LEVEL_ENTITY                     ; top                                    ; CPU-Pipelined ; --          ; --                                ;
+--------------------------------------+----------------------------------------+---------------+-------------+-----------------------------------+


+--------------------------------------------------------------------------------------------------------------------------+
; Flow Elapsed Time                                                                                                        ;
+----------------------+--------------+-------------------------+---------------------+------------------------------------+
; Module Name          ; Elapsed Time ; Average Processors Used ; Peak Virtual Memory ; Total CPU Time (on all processors) ;
+----------------------+--------------+-------------------------+---------------------+------------------------------------+
; Analysis & Synthesis ; 00:00:07     ; 1.0                     ; 4831 MB             ; 00:00:09                           ;
; Fitter               ; 00:00:24     ; 1.0                     ; 7789 MB             ; 00:01:11                           ;
; Assembler            ; 00:00:06     ; 1.0                     ; 4839 MB             ; 00:00:04                           ;
; Timing Analyzer      ; 00:00:03     ; 1.0                     ; 5261 MB             ; 00:00:02                           ;
; EDA Netlist Writer   ; 00:00:00     ; 1.0                     ; 4724 MB             ; 00:00:01                           ;
; Total                ; 00:00:40     ; --                      ; --                  ; 00:01:27                           ;
+----------------------+--------------+-------------------------+---------------------+------------------------------------+


+------------------------------------------------------------------------------------+
; Flow OS Summary                                                                    ;
+----------------------+------------------+------------+------------+----------------+
; Module Name          ; Machine Hostname ; OS Name    ; OS Version ; Processor type ;
+----------------------+------------------+------------+------------+----------------+
; Analysis & Synthesis ; DESKTOP-JOSEPH   ; Windows 10 ; 10.0       ; x86_64         ;
; Fitter               ; DESKTOP-JOSEPH   ; Windows 10 ; 10.0       ; x86_64         ;
; Assembler            ; DESKTOP-JOSEPH   ; Windows 10 ; 10.0       ; x86_64         ;
; Timing Analyzer      ; DESKTOP-JOSEPH   ; Windows 10 ; 10.0       ; x86_64         ;
; EDA Netlist Writer   ; DESKTOP-JOSEPH   ; Windows 10 ; 10.0       ; x86_64         ;
+----------------------+------------------+------------+------------+----------------+


------------
; Flow Log ;
------------
quartus_map --read_settings_files=on --write_settings_files=off CPU-Pipelined -c CPU-Pipelined
quartus_fit --read_settings_files=off --write_settings_files=off CPU-Pipelined -c CPU-Pipelined
quartus_asm --read_settings_files=off --write_settings_files=off CPU-Pipelined -c CPU-Pipelined
quartus_sta CPU-Pipelined -c CPU-Pipelined
quartus_eda --read_settings_files=off --write_settings_files=off CPU-Pipelined -c CPU-Pipelined



